<?xml version="1.0" encoding="UTF-8"?>
<!-- Generated by org.testng.reporters.JUnitReportReporter -->
<testsuite hostname="INLPF3L84Z0" failures="0" tests="1" name="day7.FakerDataGenerator" time="0.191" errors="0" timestamp="2023-07-30T12:58:05 IST" skipped="0">
  <testcase classname="day7.FakerDataGenerator" name="testGenerateDummyData" time="0.191"/>
  <system-out/>
</testsuite> <!-- day7.FakerDataGenerator -->
