<?xml version="1.0" encoding="UTF-8"?>
<!-- Generated by org.testng.reporters.JUnitReportReporter -->
<testsuite hostname="INLPF3L84Z0" failures="0" tests="1" name="day3.LoggingDemo" time="1.397" errors="0" timestamp="2023-07-16T11:18:04 IST" skipped="0">
  <testcase classname="day3.LoggingDemo" name="testLogs" time="1.397"/>
  <system-out/>
</testsuite> <!-- day3.LoggingDemo -->
