<?xml version="1.0" encoding="UTF-8"?>
<!-- Generated by org.testng.reporters.JUnitReportReporter -->
<testsuite hostname="INLPF3L84Z0" failures="0" tests="1" name="day6.SerializationDeserialization" time="0.205" errors="0" timestamp="2023-07-28T23:26:16 IST" skipped="0">
  <testcase classname="day6.SerializationDeserialization" name="deSerialization" time="0.205"/>
  <system-out/>
</testsuite> <!-- day6.SerializationDeserialization -->
