<?xml version="1.0" encoding="UTF-8"?>
<!-- Generated by org.testng.reporters.JUnitReportReporter -->
<testsuite hostname="INLPF3L84Z0" failures="0" tests="2" name="day5.ParsingXmlResponse" time="3.297" errors="0" timestamp="2023-07-20T22:23:04 IST" skipped="0">
  <testcase classname="day5.ParsingXmlResponse" name="testXmlResponse1" time="2.475"/>
  <system-out/>
  <testcase classname="day5.ParsingXmlResponse" name="testXmlResponse2" time="0.822"/>
  <system-out/>
</testsuite> <!-- day5.ParsingXmlResponse -->
