<?xml version="1.0" encoding="UTF-8"?>
<!-- Generated by org.testng.reporters.JUnitReportReporter -->
<testsuite hostname="INLPF3L84Z0" failures="0" tests="1" name="day8.GetUser" time="0.398" errors="0" timestamp="2023-07-31T23:44:47 IST" skipped="0">
  <testcase classname="day8.GetUser" name="test_GetUser" time="0.398"/>
  <system-out/>
</testsuite> <!-- day8.GetUser -->
