<?xml version="1.0" encoding="UTF-8"?>
<!-- Generated by org.testng.reporters.JUnitReportReporter -->
<testsuite hostname="INLPF3L84Z0" failures="0" tests="2" name="day3.HeadersDemo" time="2.487" errors="0" timestamp="2023-07-16T11:18:18 IST" skipped="0">
  <testcase classname="day3.HeadersDemo" name="testHeader" time="0.685"/>
  <system-out/>
  <testcase classname="day3.HeadersDemo" name="getHeadersInfo" time="1.802"/>
  <system-out/>
</testsuite> <!-- day3.HeadersDemo -->
