<?xml version="1.0" encoding="UTF-8"?>
<!-- Generated by org.testng.reporters.JUnitReportReporter -->
<testsuite hostname="INLPF3L84Z0" failures="0" tests="1" name="day6.JsonSchemaValidation" time="2.285" errors="0" timestamp="2023-07-23T16:10:38 IST" skipped="0">
  <testcase classname="day6.JsonSchemaValidation" name="validateSchema" time="2.285"/>
  <system-out/>
</testsuite> <!-- day6.JsonSchemaValidation -->
