<?xml version="1.0" encoding="UTF-8"?>
<!-- Generated by org.testng.reporters.JUnitReportReporter -->
<testsuite hostname="INLPF3L84Z0" failures="0" tests="1" name="day6.XmlSchemaValidation" time="2.221" errors="0" timestamp="2023-07-23T16:25:25 IST" skipped="0">
  <testcase classname="day6.XmlSchemaValidation" name="validateSchema" time="2.221"/>
  <system-out/>
</testsuite> <!-- day6.XmlSchemaValidation -->
