<?xml version="1.0" encoding="UTF-8"?>
<!-- Generated by org.testng.reporters.JUnitReportReporter -->
<testsuite hostname="INLPF3L84Z0" failures="0" tests="4" name="day2.WaysToCreatePostRequestBody" time="2.449" errors="0" timestamp="2023-07-14T23:01:30 IST" skipped="0">
  <testcase classname="day2.WaysToCreatePostRequestBody" name="usingJsonFile" time="0.097"/>
  <system-out/>
  <testcase classname="day2.WaysToCreatePostRequestBody" name="usingHashmap" time="2.203"/>
  <system-out/>
  <testcase classname="day2.WaysToCreatePostRequestBody" name="usingOrgJson" time="0.058"/>
  <system-out/>
  <testcase classname="day2.WaysToCreatePostRequestBody" name="usingPojo" time="0.091"/>
  <system-out/>
</testsuite> <!-- day2.WaysToCreatePostRequestBody -->
