<?xml version="1.0" encoding="UTF-8"?>
<!-- Generated by org.testng.reporters.JUnitReportReporter -->
<testsuite hostname="INLPF3L84Z0" failures="0" tests="1" name="day3.CookiesAndHeaders" time="2.064" errors="0" timestamp="2023-07-15T20:36:13 IST" skipped="0">
  <testcase classname="day3.CookiesAndHeaders" name="getCookiesInfo" time="2.064"/>
  <system-out/>
</testsuite> <!-- day3.CookiesAndHeaders -->
