<?xml version="1.0" encoding="UTF-8"?>
<!-- Generated by org.testng.reporters.JUnitReportReporter -->
<testsuite hostname="INLPF3L84Z0" failures="0" tests="1" name="day3.PathAndQueryParameters" time="2.419" errors="0" timestamp="2023-07-15T19:40:45 IST" skipped="0">
  <testcase classname="day3.PathAndQueryParameters" name="testQueryAndPathParameters" time="2.419"/>
  <system-out/>
</testsuite> <!-- day3.PathAndQueryParameters -->
