<?xml version="1.0" encoding="UTF-8"?>
<!-- Generated by org.testng.reporters.JUnitReportReporter -->
<testsuite hostname="INLPF3L84Z0" failures="0" tests="1" name="day8.UpdateUser" time="0.319" errors="0" timestamp="2023-07-31T23:44:47 IST" skipped="0">
  <testcase classname="day8.UpdateUser" name="test_UpdateUser" time="0.319"/>
  <system-out/>
</testsuite> <!-- day8.UpdateUser -->
