<?xml version="1.0" encoding="UTF-8"?>
<!-- Generated by org.testng.reporters.JUnitReportReporter -->
<testsuite hostname="INLPF3L84Z0" failures="0" tests="1" name="day5.FileUploadDownload" time="2.133" errors="0" timestamp="2023-07-23T15:05:21 IST" skipped="0">
  <testcase classname="day5.FileUploadDownload" name="uploadMultipleFile" time="2.133"/>
  <system-out/>
</testsuite> <!-- day5.FileUploadDownload -->
