<?xml version="1.0" encoding="UTF-8"?>
<!-- Generated by org.testng.reporters.JUnitReportReporter -->
<testsuite hostname="INLPF3L84Z0" failures="0" tests="1" name="day4.ParsingXmlUsingXmlPathClass" time="5.121" errors="0" timestamp="2023-07-20T23:33:44 IST" skipped="0">
  <testcase classname="day4.ParsingXmlUsingXmlPathClass" name="testXmlResponse" time="5.121"/>
  <system-out/>
</testsuite> <!-- day4.ParsingXmlUsingXmlPathClass -->
