<?xml version="1.0" encoding="UTF-8"?>
<!-- Generated by org.testng.reporters.JUnitReportReporter -->
<testsuite hostname="INLPF3L84Z0" failures="0" tests="4" name="day1.HTTPRequests" time="4.662" errors="0" timestamp="2023-07-13T20:33:59 IST" skipped="0">
  <testcase classname="day1.HTTPRequests" name="getUser" time="2.508"/>
  <system-out/>
  <testcase classname="day1.HTTPRequests" name="createuser" time="1.062"/>
  <system-out/>
  <testcase classname="day1.HTTPRequests" name="updateUserDetails" time="0.562"/>
  <system-out/>
  <testcase classname="day1.HTTPRequests" name="deleteUser" time="0.530"/>
  <system-out/>
</testsuite> <!-- day1.HTTPRequests -->
